2014/02/22 16:55:45 [error] [php] date(): It is not safe to rely on the system's timezone settings. You are *required* to use the date.timezone setting or the date_default_timezone_set() function. In case you used any of those methods and you are still getting this warning, you most likely misspelled the timezone identifier. We selected the timezone 'UTC' for now, but please set date.timezone to select your timezone. (/var/www/Proyectos/Inventory/protected/views/layouts/main.php:51)
Stack trace:
#0 /var/www/yii/framework/web/CBaseController.php(95): SiteController->renderInternal()
#1 /var/www/yii/framework/web/widgets/CContentDecorator.php(76): SiteController->renderFile()
#2 /var/www/yii/framework/web/widgets/CContentDecorator.php(54): CContentDecorator->decorate()
#3 /var/www/yii/framework/web/widgets/COutputProcessor.php(44): CContentDecorator->processOutput()
#4 /var/www/yii/framework/web/CBaseController.php(206): CContentDecorator->run()
#5 /var/www/yii/framework/web/CBaseController.php(300): SiteController->endWidget()
#6 /var/www/Proyectos/Inventory/protected/views/layouts/column1.php(6): SiteController->endContent()
#7 /var/www/yii/framework/web/CBaseController.php(126): require()
#8 /var/www/yii/framework/web/CBaseController.php(95): SiteController->renderInternal()
#9 /var/www/yii/framework/web/CController.php(784): SiteController->renderFile()
#10 /var/www/Proyectos/Inventory/protected/controllers/SiteController.php(32): SiteController->render()
#11 /var/www/yii/framework/web/actions/CInlineAction.php(49): SiteController->actionIndex()
#12 /var/www/yii/framework/web/CController.php(308): CInlineAction->runWithParams()
#13 /var/www/yii/framework/web/CController.php(286): SiteController->runAction()
#14 /var/www/yii/framework/web/CController.php(265): SiteController->runActionWithFilters()
#15 /var/www/yii/framework/web/CWebApplication.php(282): SiteController->run()
#16 /var/www/yii/framework/web/CWebApplication.php(141): CWebApplication->runController()
#17 /var/www/yii/framework/base/CApplication.php(180): CWebApplication->processRequest()
#18 /var/www/Proyectos/Inventory/index.php(13): CWebApplication->run()
REQUEST_URI=/Proyectos/Inventory/index.php
in /var/www/Proyectos/Inventory/protected/views/layouts/main.php (51)
in /var/www/Proyectos/Inventory/protected/views/layouts/column1.php (6)
in /var/www/Proyectos/Inventory/protected/controllers/SiteController.php (32)
2014/02/22 19:21:28 [error] [php] date(): It is not safe to rely on the system's timezone settings. You are *required* to use the date.timezone setting or the date_default_timezone_set() function. In case you used any of those methods and you are still getting this warning, you most likely misspelled the timezone identifier. We selected the timezone 'UTC' for now, but please set date.timezone to select your timezone. (/var/www/Proyectos/Inventory/protected/views/layouts/main.php:51)
Stack trace:
#0 /var/www/yii/framework/web/CBaseController.php(95): SiteController->renderInternal()
#1 /var/www/yii/framework/web/widgets/CContentDecorator.php(76): SiteController->renderFile()
#2 /var/www/yii/framework/web/widgets/CContentDecorator.php(54): CContentDecorator->decorate()
#3 /var/www/yii/framework/web/widgets/COutputProcessor.php(44): CContentDecorator->processOutput()
#4 /var/www/yii/framework/web/CBaseController.php(206): CContentDecorator->run()
#5 /var/www/yii/framework/web/CBaseController.php(300): SiteController->endWidget()
#6 /var/www/Proyectos/Inventory/protected/views/layouts/column1.php(6): SiteController->endContent()
#7 /var/www/yii/framework/web/CBaseController.php(126): require()
#8 /var/www/yii/framework/web/CBaseController.php(95): SiteController->renderInternal()
#9 /var/www/yii/framework/web/CController.php(784): SiteController->renderFile()
#10 /var/www/Proyectos/Inventory/protected/controllers/SiteController.php(32): SiteController->render()
#11 /var/www/yii/framework/web/actions/CInlineAction.php(49): SiteController->actionIndex()
#12 /var/www/yii/framework/web/CController.php(308): CInlineAction->runWithParams()
#13 /var/www/yii/framework/web/CController.php(286): SiteController->runAction()
#14 /var/www/yii/framework/web/CController.php(265): SiteController->runActionWithFilters()
#15 /var/www/yii/framework/web/CWebApplication.php(282): SiteController->run()
#16 /var/www/yii/framework/web/CWebApplication.php(141): CWebApplication->runController()
#17 /var/www/yii/framework/base/CApplication.php(180): CWebApplication->processRequest()
#18 /var/www/Proyectos/Inventory/index.php(13): CWebApplication->run()
REQUEST_URI=/Proyectos/Inventory/index.php
in /var/www/Proyectos/Inventory/protected/views/layouts/main.php (51)
in /var/www/Proyectos/Inventory/protected/views/layouts/column1.php (6)
in /var/www/Proyectos/Inventory/protected/controllers/SiteController.php (32)
2014/02/22 22:30:20 [error] [exception.CException] exception 'CException' with message 'Alias "bootstrap.widgets.TbNavBar" is invalid. Make sure it points to an existing PHP file and the file is readable.' in /var/www/yii/framework/YiiBase.php:322
Stack trace:
#0 /var/www/yii/framework/web/CWidgetFactory.php(146): YiiBase::import('bootstrap.widge...', true)
#1 /var/www/yii/framework/web/CBaseController.php(146): CWidgetFactory->createWidget(Object(SiteController), 'bootstrap.widge...', Array)
#2 /var/www/yii/framework/web/CBaseController.php(172): CBaseController->createWidget('bootstrap.widge...', Array)
#3 /var/www/Proyectos/Inventory/protected/views/layouts/main.php(22): CBaseController->widget('bootstrap.widge...', Array)
#4 /var/www/yii/framework/web/CBaseController.php(126): require('/var/www/Proyec...')
#5 /var/www/yii/framework/web/CBaseController.php(95): CBaseController->renderInternal('/var/www/Proyec...', Array, true)
#6 /var/www/yii/framework/web/CController.php(784): CBaseController->renderFile('/var/www/Proyec...', Array, true)
#7 /var/www/Proyectos/Inventory/protected/controllers/SiteController.php(32): CController->render('index')
#8 /var/www/yii/framework/web/actions/CInlineAction.php(49): SiteController->actionIndex()
#9 /var/www/yii/framework/web/CController.php(308): CInlineAction->runWithParams(Array)
#10 /var/www/yii/framework/web/CController.php(286): CController->runAction(Object(CInlineAction))
#11 /var/www/yii/framework/web/CController.php(265): CController->runActionWithFilters(Object(CInlineAction), Array)
#12 /var/www/yii/framework/web/CWebApplication.php(282): CController->run('index')
#13 /var/www/yii/framework/web/CWebApplication.php(141): CWebApplication->runController('site/index')
#14 /var/www/yii/framework/base/CApplication.php(180): CWebApplication->processRequest()
#15 /var/www/Proyectos/Inventory/index.php(16): CApplication->run()
#16 {main}
REQUEST_URI=/Proyectos/Inventory/index.php?r=site/index
HTTP_REFERER=http://localhost/Proyectos/Inventory/index.php?r=site/page&view=about
---
2014/02/22 22:34:24 [error] [exception.CException] exception 'CException' with message 'Alias "bootstrap.widgets.TbNavBar" is invalid. Make sure it points to an existing PHP file and the file is readable.' in /var/www/yii/framework/YiiBase.php:322
Stack trace:
#0 /var/www/yii/framework/web/CWidgetFactory.php(146): YiiBase::import('bootstrap.widge...', true)
#1 /var/www/yii/framework/web/CBaseController.php(146): CWidgetFactory->createWidget(Object(SiteController), 'bootstrap.widge...', Array)
#2 /var/www/yii/framework/web/CBaseController.php(172): CBaseController->createWidget('bootstrap.widge...', Array)
#3 /var/www/Proyectos/Inventory/protected/views/layouts/main.php(22): CBaseController->widget('bootstrap.widge...', Array)
#4 /var/www/yii/framework/web/CBaseController.php(126): require('/var/www/Proyec...')
#5 /var/www/yii/framework/web/CBaseController.php(95): CBaseController->renderInternal('/var/www/Proyec...', Array, true)
#6 /var/www/yii/framework/web/CController.php(784): CBaseController->renderFile('/var/www/Proyec...', Array, true)
#7 /var/www/Proyectos/Inventory/protected/controllers/SiteController.php(32): CController->render('index')
#8 /var/www/yii/framework/web/actions/CInlineAction.php(49): SiteController->actionIndex()
#9 /var/www/yii/framework/web/CController.php(308): CInlineAction->runWithParams(Array)
#10 /var/www/yii/framework/web/CController.php(286): CController->runAction(Object(CInlineAction))
#11 /var/www/yii/framework/web/CController.php(265): CController->runActionWithFilters(Object(CInlineAction), Array)
#12 /var/www/yii/framework/web/CWebApplication.php(282): CController->run('index')
#13 /var/www/yii/framework/web/CWebApplication.php(141): CWebApplication->runController('site/index')
#14 /var/www/yii/framework/base/CApplication.php(180): CWebApplication->processRequest()
#15 /var/www/Proyectos/Inventory/index.php(16): CApplication->run()
#16 {main}
REQUEST_URI=/Proyectos/Inventory/index.php?r=site/index
HTTP_REFERER=http://localhost/Proyectos/Inventory/index.php?r=site/page&view=about
---
2014/02/22 22:36:10 [error] [exception.CException] exception 'CException' with message 'Alias "bootstrap.widgets.TbNavBar" is invalid. Make sure it points to an existing PHP file and the file is readable.' in /var/www/yii/framework/YiiBase.php:322
Stack trace:
#0 /var/www/yii/framework/web/CWidgetFactory.php(146): YiiBase::import('bootstrap.widge...', true)
#1 /var/www/yii/framework/web/CBaseController.php(146): CWidgetFactory->createWidget(Object(SiteController), 'bootstrap.widge...', Array)
#2 /var/www/yii/framework/web/CBaseController.php(172): CBaseController->createWidget('bootstrap.widge...', Array)
#3 /var/www/Proyectos/Inventory/protected/views/layouts/main.php(22): CBaseController->widget('bootstrap.widge...', Array)
#4 /var/www/yii/framework/web/CBaseController.php(126): require('/var/www/Proyec...')
#5 /var/www/yii/framework/web/CBaseController.php(95): CBaseController->renderInternal('/var/www/Proyec...', Array, true)
#6 /var/www/yii/framework/web/CController.php(784): CBaseController->renderFile('/var/www/Proyec...', Array, true)
#7 /var/www/Proyectos/Inventory/protected/controllers/SiteController.php(32): CController->render('index')
#8 /var/www/yii/framework/web/actions/CInlineAction.php(49): SiteController->actionIndex()
#9 /var/www/yii/framework/web/CController.php(308): CInlineAction->runWithParams(Array)
#10 /var/www/yii/framework/web/CController.php(286): CController->runAction(Object(CInlineAction))
#11 /var/www/yii/framework/web/CController.php(265): CController->runActionWithFilters(Object(CInlineAction), Array)
#12 /var/www/yii/framework/web/CWebApplication.php(282): CController->run('index')
#13 /var/www/yii/framework/web/CWebApplication.php(141): CWebApplication->runController('site/index')
#14 /var/www/yii/framework/base/CApplication.php(180): CWebApplication->processRequest()
#15 /var/www/Proyectos/Inventory/index.php(16): CApplication->run()
#16 {main}
REQUEST_URI=/Proyectos/Inventory/index.php?r=site/index
HTTP_REFERER=http://localhost/Proyectos/Inventory/index.php?r=site/page&view=about
---
2014/02/22 22:36:13 [error] [exception.CException] exception 'CException' with message 'Alias "bootstrap.widgets.TbNavBar" is invalid. Make sure it points to an existing PHP file and the file is readable.' in /var/www/yii/framework/YiiBase.php:322
Stack trace:
#0 /var/www/yii/framework/web/CWidgetFactory.php(146): YiiBase::import('bootstrap.widge...', true)
#1 /var/www/yii/framework/web/CBaseController.php(146): CWidgetFactory->createWidget(Object(SiteController), 'bootstrap.widge...', Array)
#2 /var/www/yii/framework/web/CBaseController.php(172): CBaseController->createWidget('bootstrap.widge...', Array)
#3 /var/www/Proyectos/Inventory/protected/views/layouts/main.php(22): CBaseController->widget('bootstrap.widge...', Array)
#4 /var/www/yii/framework/web/CBaseController.php(126): require('/var/www/Proyec...')
#5 /var/www/yii/framework/web/CBaseController.php(95): CBaseController->renderInternal('/var/www/Proyec...', Array, true)
#6 /var/www/yii/framework/web/CController.php(784): CBaseController->renderFile('/var/www/Proyec...', Array, true)
#7 /var/www/Proyectos/Inventory/protected/controllers/SiteController.php(32): CController->render('index')
#8 /var/www/yii/framework/web/actions/CInlineAction.php(49): SiteController->actionIndex()
#9 /var/www/yii/framework/web/CController.php(308): CInlineAction->runWithParams(Array)
#10 /var/www/yii/framework/web/CController.php(286): CController->runAction(Object(CInlineAction))
#11 /var/www/yii/framework/web/CController.php(265): CController->runActionWithFilters(Object(CInlineAction), Array)
#12 /var/www/yii/framework/web/CWebApplication.php(282): CController->run('index')
#13 /var/www/yii/framework/web/CWebApplication.php(141): CWebApplication->runController('site/index')
#14 /var/www/yii/framework/base/CApplication.php(180): CWebApplication->processRequest()
#15 /var/www/Proyectos/Inventory/index.php(16): CApplication->run()
#16 {main}
REQUEST_URI=/Proyectos/Inventory/index.php?r=site/index
HTTP_REFERER=http://localhost/Proyectos/Inventory/index.php?r=site/page&view=about
---
